{"contracts/interfaces/IERC721URI.sol":{"l":{},"path":"/mnt/d/Projects/bjou/wNFT/contracts/interfaces/IERC721URI.sol","s":{},"b":{},"f":{},"fnMap":{},"statementMap":{},"branchMap":{}},"contracts/mocks/MockNFT.sol":{"l":{"10":3},"path":"/mnt/d/Projects/bjou/wNFT/contracts/mocks/MockNFT.sol","s":{"1":3},"b":{},"f":{"1":3,"2":3},"fnMap":{"1":{"name":"constructor","line":7,"loc":{"start":{"line":7,"column":4},"end":{"line":7,"column":48}}},"2":{"name":"mint","line":9,"loc":{"start":{"line":9,"column":4},"end":{"line":11,"column":4}}}},"statementMap":{"1":{"start":{"line":10,"column":8},"end":{"line":10,"column":29}}},"branchMap":{}},"contracts/wNFT.sol":{"l":{"86":3,"87":3,"91":39,"92":39,"112":8,"114":7,"115":7,"119":6,"120":5,"124":4,"126":3,"127":3,"129":3,"132":3,"133":3,"134":3,"135":3,"136":3,"137":3,"140":3,"142":3,"144":3,"156":3,"157":3,"159":3,"163":2,"168":1,"169":1,"171":1,"172":1,"174":1,"187":24,"188":24,"189":13,"191":7,"195":2,"197":2,"211":6,"213":6,"214":5,"218":4,"222":3,"227":2,"228":2,"230":2,"243":4,"245":4,"249":3,"254":2,"255":1,"256":1,"257":1,"260":1,"261":1,"263":1,"264":1,"267":1,"268":1,"277":2,"278":1,"280":1,"292":2,"297":1,"298":1,"299":1,"301":1,"302":1,"304":1,"305":1,"307":1,"308":1,"310":1,"320":0,"321":0,"329":1,"333":1,"334":1,"335":1,"336":1,"337":1,"339":1,"348":1,"349":1,"350":1,"351":1,"352":1,"354":1,"368":6,"369":6,"371":0},"path":"/mnt/d/Projects/bjou/wNFT/contracts/wNFT.sol","s":{"1":3,"2":3,"3":39,"4":8,"5":7,"6":7,"7":6,"8":5,"9":4,"10":3,"11":3,"12":3,"13":3,"14":3,"15":3,"16":3,"17":3,"18":3,"19":3,"20":3,"21":3,"22":3,"23":3,"24":3,"25":2,"26":1,"27":1,"28":1,"29":1,"30":24,"31":24,"32":13,"33":11,"34":7,"35":4,"36":2,"37":2,"38":6,"39":6,"40":5,"41":4,"42":3,"43":2,"44":2,"45":2,"46":4,"47":4,"48":3,"49":2,"50":1,"51":1,"52":1,"53":1,"54":1,"55":1,"56":1,"57":1,"58":1,"59":2,"60":1,"61":1,"62":2,"63":1,"64":1,"65":1,"66":1,"67":1,"68":1,"69":1,"70":1,"71":1,"72":1,"73":0,"74":0,"75":1,"76":1,"77":1,"78":1,"79":1,"80":1,"81":1,"82":1,"83":1,"84":1,"85":1,"86":1,"87":1,"88":6,"89":6,"90":0},"b":{"1":[3,0],"2":[39,0],"3":[7,1],"4":[6,1],"5":[5,1],"6":[4,1],"7":[3,1],"8":[2,1],"9":[1,1],"10":[13,11],"11":[7,4],"12":[2,2],"13":[5,1],"14":[4,1],"15":[3,1],"16":[2,1],"17":[3,1],"18":[2,1],"19":[1,1],"20":[1,0],"21":[1,1],"22":[1,1],"23":[1,0],"24":[1,0],"25":[1,0],"26":[1,0],"27":[6,0]},"f":{"1":3,"2":39,"3":8,"4":3,"5":24,"6":6,"7":4,"8":2,"9":2,"10":0,"11":1,"12":1,"13":1,"14":6},"fnMap":{"1":{"name":"constructor","line":84,"loc":{"start":{"line":81,"column":4},"end":{"line":88,"column":4}}},"2":{"name":"onlyValidToken","line":90,"loc":{"start":{"line":90,"column":4},"end":{"line":93,"column":4}}},"3":{"name":"register","line":111,"loc":{"start":{"line":105,"column":4},"end":{"line":145,"column":4}}},"4":{"name":"unregister","line":154,"loc":{"start":{"line":151,"column":4},"end":{"line":175,"column":4}}},"5":{"name":"tokenStatus","line":184,"loc":{"start":{"line":181,"column":4},"end":{"line":199,"column":4}}},"6":{"name":"requestRent","line":209,"loc":{"start":{"line":206,"column":4},"end":{"line":231,"column":4}}},"7":{"name":"approveRentRequest","line":241,"loc":{"start":{"line":238,"column":4},"end":{"line":270,"column":4}}},"8":{"name":"setServiceFeeRatio","line":276,"loc":{"start":{"line":276,"column":4},"end":{"line":281,"column":4}}},"9":{"name":"completeRent","line":290,"loc":{"start":{"line":287,"column":4},"end":{"line":311,"column":4}}},"10":{"name":"tokenURI","line":317,"loc":{"start":{"line":313,"column":4},"end":{"line":322,"column":4}}},"11":{"name":"_transfer","line":324,"loc":{"start":{"line":324,"column":4},"end":{"line":330,"column":4}}},"12":{"name":"withdrawOwnerBalance","line":332,"loc":{"start":{"line":332,"column":4},"end":{"line":341,"column":4}}},"13":{"name":"withdrawServiceFeeBalance","line":346,"loc":{"start":{"line":343,"column":4},"end":{"line":356,"column":4}}},"14":{"name":"onERC721Received","line":362,"loc":{"start":{"line":362,"column":4},"end":{"line":373,"column":4}}}},"statementMap":{"1":{"start":{"line":86,"column":8},"end":{"line":86,"column":67}},"2":{"start":{"line":87,"column":8},"end":{"line":87,"column":41}},"3":{"start":{"line":91,"column":8},"end":{"line":91,"column":63}},"4":{"start":{"line":112,"column":8},"end":{"line":112,"column":70}},"5":{"start":{"line":114,"column":8},"end":{"line":114,"column":60}},"6":{"start":{"line":115,"column":8},"end":{"line":115,"column":3317}},"7":{"start":{"line":119,"column":8},"end":{"line":119,"column":67}},"8":{"start":{"line":120,"column":8},"end":{"line":120,"column":3503}},"9":{"start":{"line":124,"column":8},"end":{"line":124,"column":54}},"10":{"start":{"line":126,"column":8},"end":{"line":126,"column":43}},"11":{"start":{"line":127,"column":8},"end":{"line":127,"column":45}},"12":{"start":{"line":129,"column":8},"end":{"line":129,"column":26}},"13":{"start":{"line":132,"column":8},"end":{"line":132,"column":41}},"14":{"start":{"line":133,"column":8},"end":{"line":133,"column":25}},"15":{"start":{"line":134,"column":8},"end":{"line":134,"column":29}},"16":{"start":{"line":135,"column":8},"end":{"line":135,"column":45}},"17":{"start":{"line":136,"column":8},"end":{"line":136,"column":45}},"18":{"start":{"line":137,"column":8},"end":{"line":137,"column":33}},"19":{"start":{"line":140,"column":8},"end":{"line":140,"column":67}},"20":{"start":{"line":142,"column":8},"end":{"line":142,"column":43}},"21":{"start":{"line":144,"column":8},"end":{"line":144,"column":53}},"22":{"start":{"line":156,"column":8},"end":{"line":156,"column":42}},"23":{"start":{"line":157,"column":8},"end":{"line":157,"column":47}},"24":{"start":{"line":159,"column":8},"end":{"line":159,"column":4629}},"25":{"start":{"line":163,"column":8},"end":{"line":163,"column":4762}},"26":{"start":{"line":168,"column":8},"end":{"line":168,"column":21}},"27":{"start":{"line":169,"column":8},"end":{"line":169,"column":29}},"28":{"start":{"line":171,"column":8},"end":{"line":171,"column":72}},"29":{"start":{"line":174,"column":8},"end":{"line":174,"column":55}},"30":{"start":{"line":187,"column":8},"end":{"line":187,"column":42}},"31":{"start":{"line":188,"column":8},"end":{"line":188,"column":5380}},"32":{"start":{"line":189,"column":12},"end":{"line":189,"column":34}},"33":{"start":{"line":190,"column":15},"end":{"line":190,"column":5464}},"34":{"start":{"line":191,"column":12},"end":{"line":191,"column":45}},"35":{"start":{"line":192,"column":15},"end":{"line":192,"column":5555}},"36":{"start":{"line":195,"column":12},"end":{"line":195,"column":41}},"37":{"start":{"line":197,"column":12},"end":{"line":197,"column":36}},"38":{"start":{"line":211,"column":8},"end":{"line":211,"column":42}},"39":{"start":{"line":213,"column":8},"end":{"line":213,"column":78}},"40":{"start":{"line":214,"column":8},"end":{"line":214,"column":6191}},"41":{"start":{"line":218,"column":8},"end":{"line":218,"column":6323}},"42":{"start":{"line":222,"column":8},"end":{"line":222,"column":6455}},"43":{"start":{"line":227,"column":8},"end":{"line":227,"column":45}},"44":{"start":{"line":228,"column":8},"end":{"line":228,"column":31}},"45":{"start":{"line":230,"column":8},"end":{"line":230,"column":65}},"46":{"start":{"line":243,"column":8},"end":{"line":243,"column":42}},"47":{"start":{"line":245,"column":8},"end":{"line":245,"column":7093}},"48":{"start":{"line":249,"column":8},"end":{"line":249,"column":7209}},"49":{"start":{"line":254,"column":8},"end":{"line":254,"column":7336}},"50":{"start":{"line":255,"column":12},"end":{"line":255,"column":45}},"51":{"start":{"line":256,"column":12},"end":{"line":256,"column":64}},"52":{"start":{"line":257,"column":12},"end":{"line":257,"column":68}},"53":{"start":{"line":260,"column":12},"end":{"line":260,"column":40}},"54":{"start":{"line":261,"column":12},"end":{"line":261,"column":35}},"55":{"start":{"line":263,"column":12},"end":{"line":263,"column":24}},"56":{"start":{"line":264,"column":12},"end":{"line":264,"column":7745}},"57":{"start":{"line":267,"column":12},"end":{"line":267,"column":27}},"58":{"start":{"line":268,"column":12},"end":{"line":268,"column":67}},"59":{"start":{"line":277,"column":8},"end":{"line":277,"column":61}},"60":{"start":{"line":278,"column":8},"end":{"line":278,"column":35}},"61":{"start":{"line":280,"column":8},"end":{"line":280,"column":43}},"62":{"start":{"line":292,"column":8},"end":{"line":292,"column":8481}},"63":{"start":{"line":297,"column":8},"end":{"line":297,"column":42}},"64":{"start":{"line":298,"column":8},"end":{"line":298,"column":36}},"65":{"start":{"line":299,"column":8},"end":{"line":299,"column":62}},"66":{"start":{"line":301,"column":8},"end":{"line":301,"column":31}},"67":{"start":{"line":302,"column":8},"end":{"line":302,"column":55}},"68":{"start":{"line":304,"column":8},"end":{"line":304,"column":65}},"69":{"start":{"line":305,"column":8},"end":{"line":305,"column":61}},"70":{"start":{"line":307,"column":8},"end":{"line":307,"column":54}},"71":{"start":{"line":308,"column":8},"end":{"line":308,"column":39}},"72":{"start":{"line":310,"column":8},"end":{"line":310,"column":57}},"73":{"start":{"line":320,"column":8},"end":{"line":320,"column":42}},"74":{"start":{"line":321,"column":8},"end":{"line":321,"column":50}},"75":{"start":{"line":329,"column":8},"end":{"line":329,"column":37}},"76":{"start":{"line":333,"column":8},"end":{"line":333,"column":44}},"77":{"start":{"line":334,"column":8},"end":{"line":334,"column":9678}},"78":{"start":{"line":335,"column":12},"end":{"line":335,"column":34}},"79":{"start":{"line":336,"column":12},"end":{"line":336,"column":69}},"80":{"start":{"line":337,"column":12},"end":{"line":337,"column":27}},"81":{"start":{"line":339,"column":12},"end":{"line":339,"column":53}},"82":{"start":{"line":348,"column":8},"end":{"line":348,"column":42}},"83":{"start":{"line":349,"column":8},"end":{"line":349,"column":10079}},"84":{"start":{"line":350,"column":12},"end":{"line":350,"column":32}},"85":{"start":{"line":351,"column":12},"end":{"line":351,"column":73}},"86":{"start":{"line":352,"column":12},"end":{"line":352,"column":27}},"87":{"start":{"line":354,"column":12},"end":{"line":354,"column":62}},"88":{"start":{"line":368,"column":8},"end":{"line":368,"column":10653}},"89":{"start":{"line":369,"column":12},"end":{"line":369,"column":60}},"90":{"start":{"line":371,"column":12},"end":{"line":371,"column":23}}},"branchMap":{"1":{"line":86,"type":"if","locations":[{"start":{"line":86,"column":8},"end":{"line":86,"column":8}},{"start":{"line":86,"column":8},"end":{"line":86,"column":8}}]},"2":{"line":91,"type":"if","locations":[{"start":{"line":91,"column":8},"end":{"line":91,"column":8}},{"start":{"line":91,"column":8},"end":{"line":91,"column":8}}]},"3":{"line":112,"type":"if","locations":[{"start":{"line":112,"column":8},"end":{"line":112,"column":8}},{"start":{"line":112,"column":8},"end":{"line":112,"column":8}}]},"4":{"line":115,"type":"if","locations":[{"start":{"line":115,"column":8},"end":{"line":115,"column":8}},{"start":{"line":115,"column":8},"end":{"line":115,"column":8}}]},"5":{"line":119,"type":"if","locations":[{"start":{"line":119,"column":8},"end":{"line":119,"column":8}},{"start":{"line":119,"column":8},"end":{"line":119,"column":8}}]},"6":{"line":120,"type":"if","locations":[{"start":{"line":120,"column":8},"end":{"line":120,"column":8}},{"start":{"line":120,"column":8},"end":{"line":120,"column":8}}]},"7":{"line":124,"type":"if","locations":[{"start":{"line":124,"column":8},"end":{"line":124,"column":8}},{"start":{"line":124,"column":8},"end":{"line":124,"column":8}}]},"8":{"line":159,"type":"if","locations":[{"start":{"line":159,"column":8},"end":{"line":159,"column":8}},{"start":{"line":159,"column":8},"end":{"line":159,"column":8}}]},"9":{"line":163,"type":"if","locations":[{"start":{"line":163,"column":8},"end":{"line":163,"column":8}},{"start":{"line":163,"column":8},"end":{"line":163,"column":8}}]},"10":{"line":188,"type":"if","locations":[{"start":{"line":188,"column":8},"end":{"line":188,"column":8}},{"start":{"line":188,"column":8},"end":{"line":188,"column":8}}]},"11":{"line":190,"type":"if","locations":[{"start":{"line":190,"column":15},"end":{"line":190,"column":15}},{"start":{"line":190,"column":15},"end":{"line":190,"column":15}}]},"12":{"line":192,"type":"if","locations":[{"start":{"line":192,"column":15},"end":{"line":192,"column":15}},{"start":{"line":192,"column":15},"end":{"line":192,"column":15}}]},"13":{"line":213,"type":"if","locations":[{"start":{"line":213,"column":8},"end":{"line":213,"column":8}},{"start":{"line":213,"column":8},"end":{"line":213,"column":8}}]},"14":{"line":214,"type":"if","locations":[{"start":{"line":214,"column":8},"end":{"line":214,"column":8}},{"start":{"line":214,"column":8},"end":{"line":214,"column":8}}]},"15":{"line":218,"type":"if","locations":[{"start":{"line":218,"column":8},"end":{"line":218,"column":8}},{"start":{"line":218,"column":8},"end":{"line":218,"column":8}}]},"16":{"line":222,"type":"if","locations":[{"start":{"line":222,"column":8},"end":{"line":222,"column":8}},{"start":{"line":222,"column":8},"end":{"line":222,"column":8}}]},"17":{"line":245,"type":"if","locations":[{"start":{"line":245,"column":8},"end":{"line":245,"column":8}},{"start":{"line":245,"column":8},"end":{"line":245,"column":8}}]},"18":{"line":249,"type":"if","locations":[{"start":{"line":249,"column":8},"end":{"line":249,"column":8}},{"start":{"line":249,"column":8},"end":{"line":249,"column":8}}]},"19":{"line":254,"type":"if","locations":[{"start":{"line":254,"column":8},"end":{"line":254,"column":8}},{"start":{"line":254,"column":8},"end":{"line":254,"column":8}}]},"20":{"line":267,"type":"if","locations":[{"start":{"line":267,"column":12},"end":{"line":267,"column":12}},{"start":{"line":267,"column":12},"end":{"line":267,"column":12}}]},"21":{"line":277,"type":"if","locations":[{"start":{"line":277,"column":8},"end":{"line":277,"column":8}},{"start":{"line":277,"column":8},"end":{"line":277,"column":8}}]},"22":{"line":292,"type":"if","locations":[{"start":{"line":292,"column":8},"end":{"line":292,"column":8}},{"start":{"line":292,"column":8},"end":{"line":292,"column":8}}]},"23":{"line":334,"type":"if","locations":[{"start":{"line":334,"column":8},"end":{"line":334,"column":8}},{"start":{"line":334,"column":8},"end":{"line":334,"column":8}}]},"24":{"line":337,"type":"if","locations":[{"start":{"line":337,"column":12},"end":{"line":337,"column":12}},{"start":{"line":337,"column":12},"end":{"line":337,"column":12}}]},"25":{"line":349,"type":"if","locations":[{"start":{"line":349,"column":8},"end":{"line":349,"column":8}},{"start":{"line":349,"column":8},"end":{"line":349,"column":8}}]},"26":{"line":352,"type":"if","locations":[{"start":{"line":352,"column":12},"end":{"line":352,"column":12}},{"start":{"line":352,"column":12},"end":{"line":352,"column":12}}]},"27":{"line":368,"type":"if","locations":[{"start":{"line":368,"column":8},"end":{"line":368,"column":8}},{"start":{"line":368,"column":8},"end":{"line":368,"column":8}}]}}}}